<?xml version="1.0" encoding="UTF-8"?>
<coverage generated="1756026159130" clover="3.2.0">
  <project timestamp="1756026159131" name="All files">
    <metrics statements="105" coveredstatements="96" conditionals="22" coveredconditionals="20" methods="8" coveredmethods="7" elements="135" coveredelements="123" complexity="0" loc="105" ncloc="105" packages="1" files="2" classes="2"/>
    <file name="App.jsx" path="C:\Users\Warlock\Downloads\todo\src\App.jsx">
      <metrics statements="96" coveredstatements="96" conditionals="21" coveredconditionals="20" methods="7" coveredmethods="7"/>
      <line num="1" count="1" type="stmt"/>
      <line num="2" count="1" type="stmt"/>
      <line num="4" count="13" type="cond" truecount="1" falsecount="0"/>
      <line num="5" count="13" type="stmt"/>
      <line num="6" count="13" type="stmt"/>
      <line num="7" count="13" type="stmt"/>
      <line num="8" count="13" type="stmt"/>
      <line num="9" count="13" type="stmt"/>
      <line num="10" count="13" type="stmt"/>
      <line num="12" count="13" type="cond" truecount="1" falsecount="0"/>
      <line num="13" count="1" type="stmt"/>
      <line num="14" count="1" type="stmt"/>
      <line num="15" count="1" type="stmt"/>
      <line num="16" count="1" type="stmt"/>
      <line num="17" count="1" type="stmt"/>
      <line num="18" count="1" type="stmt"/>
      <line num="19" count="1" type="stmt"/>
      <line num="20" count="1" type="stmt"/>
      <line num="21" count="1" type="stmt"/>
      <line num="22" count="1" type="stmt"/>
      <line num="23" count="1" type="stmt"/>
      <line num="24" count="1" type="stmt"/>
      <line num="25" count="1" type="stmt"/>
      <line num="27" count="13" type="cond" truecount="1" falsecount="0"/>
      <line num="28" count="1" type="stmt"/>
      <line num="29" count="1" type="cond" truecount="1" falsecount="0"/>
      <line num="30" count="3" type="cond" truecount="2" falsecount="0"/>
      <line num="31" count="1" type="stmt"/>
      <line num="32" count="1" type="stmt"/>
      <line num="33" count="1" type="stmt"/>
      <line num="35" count="13" type="cond" truecount="1" falsecount="0"/>
      <line num="36" count="4" type="cond" truecount="1" falsecount="0"/>
      <line num="37" count="4" type="stmt"/>
      <line num="39" count="13" type="cond" truecount="1" falsecount="0"/>
      <line num="41" count="13" type="stmt"/>
      <line num="42" count="13" type="stmt"/>
      <line num="43" count="13" type="stmt"/>
      <line num="44" count="13" type="stmt"/>
      <line num="45" count="13" type="stmt"/>
      <line num="46" count="13" type="stmt"/>
      <line num="47" count="13" type="stmt"/>
      <line num="48" count="13" type="stmt"/>
      <line num="49" count="13" type="stmt"/>
      <line num="50" count="13" type="stmt"/>
      <line num="51" count="13" type="stmt"/>
      <line num="52" count="13" type="stmt"/>
      <line num="54" count="13" type="stmt"/>
      <line num="55" count="13" type="stmt"/>
      <line num="56" count="13" type="stmt"/>
      <line num="57" count="13" type="stmt"/>
      <line num="58" count="13" type="stmt"/>
      <line num="59" count="13" type="cond" truecount="1" falsecount="0"/>
      <line num="60" count="13" type="stmt"/>
      <line num="61" count="13" type="stmt"/>
      <line num="62" count="13" type="stmt"/>
      <line num="63" count="13" type="stmt"/>
      <line num="65" count="13" type="stmt"/>
      <line num="66" count="13" type="stmt"/>
      <line num="68" count="13" type="stmt"/>
      <line num="69" count="13" type="cond" truecount="1" falsecount="0"/>
      <line num="70" count="33" type="stmt"/>
      <line num="71" count="33" type="stmt"/>
      <line num="72" count="33" type="cond" truecount="2" falsecount="0"/>
      <line num="74" count="33" type="stmt"/>
      <line num="75" count="33" type="cond" truecount="1" falsecount="0"/>
      <line num="76" count="33" type="stmt"/>
      <line num="77" count="33" type="stmt"/>
      <line num="78" count="33" type="cond" truecount="2" falsecount="0"/>
      <line num="79" count="33" type="stmt"/>
      <line num="81" count="33" type="cond" truecount="2" falsecount="0"/>
      <line num="82" count="33" type="stmt"/>
      <line num="84" count="33" type="stmt"/>
      <line num="86" count="33" type="stmt"/>
      <line num="87" count="33" type="cond" truecount="1" falsecount="0"/>
      <line num="88" count="33" type="stmt"/>
      <line num="89" count="33" type="stmt"/>
      <line num="90" count="33" type="stmt"/>
      <line num="92" count="33" type="stmt"/>
      <line num="93" count="33" type="stmt"/>
      <line num="94" count="13" type="stmt"/>
      <line num="95" count="13" type="stmt"/>
      <line num="97" count="13" type="cond" truecount="1" falsecount="0"/>
      <line num="98" count="1" type="stmt"/>
      <line num="99" count="1" type="stmt"/>
      <line num="100" count="1" type="stmt"/>
      <line num="102" count="13" type="stmt"/>
      <line num="104" count="13" type="stmt"/>
      <line num="105" count="13" type="stmt"/>
      <line num="106" count="13" type="stmt"/>
      <line num="107" count="13" type="stmt"/>
      <line num="108" count="13" type="cond" truecount="0" falsecount="1"/>
      <line num="109" count="13" type="stmt"/>
      <line num="110" count="13" type="stmt"/>
      <line num="111" count="13" type="stmt"/>
      <line num="113" count="13" type="stmt"/>
      <line num="115" count="1" type="stmt"/>
    </file>
    <file name="main.jsx" path="C:\Users\Warlock\Downloads\todo\src\main.jsx">
      <metrics statements="9" coveredstatements="0" conditionals="1" coveredconditionals="0" methods="1" coveredmethods="0"/>
      <line num="1" count="0" type="cond" truecount="0" falsecount="1"/>
      <line num="2" count="0" type="stmt"/>
      <line num="3" count="0" type="stmt"/>
      <line num="4" count="0" type="stmt"/>
      <line num="6" count="0" type="stmt"/>
      <line num="7" count="0" type="stmt"/>
      <line num="8" count="0" type="stmt"/>
      <line num="9" count="0" type="stmt"/>
      <line num="10" count="0" type="stmt"/>
    </file>
  </project>
</coverage>
