{"C:\\Users\\Warlock\\Downloads\\todo\\src\\App.jsx": {"path":"C:\\Users\\Warlock\\Downloads\\todo\\src\\App.jsx","all":false,"statementMap":{"0":{"start":{"line":1,"column":0},"end":{"line":1,"column":33}},"1":{"start":{"line":2,"column":0},"end":{"line":2,"column":19}},"3":{"start":{"line":4,"column":0},"end":{"line":4,"column":16}},"4":{"start":{"line":5,"column":0},"end":{"line":5,"column":38}},"5":{"start":{"line":6,"column":0},"end":{"line":6,"column":59}},"6":{"start":{"line":7,"column":0},"end":{"line":7,"column":62}},"7":{"start":{"line":8,"column":0},"end":{"line":8,"column":62}},"8":{"start":{"line":9,"column":0},"end":{"line":9,"column":5}},"9":{"start":{"line":10,"column":0},"end":{"line":10,"column":51}},"11":{"start":{"line":12,"column":0},"end":{"line":12,"column":26}},"12":{"start":{"line":13,"column":0},"end":{"line":13,"column":23}},"13":{"start":{"line":14,"column":0},"end":{"line":14,"column":28}},"14":{"start":{"line":15,"column":0},"end":{"line":15,"column":16}},"15":{"start":{"line":16,"column":0},"end":{"line":16,"column":17}},"16":{"start":{"line":17,"column":0},"end":{"line":17,"column":9}},"17":{"start":{"line":18,"column":0},"end":{"line":18,"column":25}},"18":{"start":{"line":19,"column":0},"end":{"line":19,"column":34}},"19":{"start":{"line":20,"column":0},"end":{"line":20,"column":27}},"20":{"start":{"line":21,"column":0},"end":{"line":21,"column":10}},"21":{"start":{"line":22,"column":0},"end":{"line":22,"column":9}},"22":{"start":{"line":23,"column":0},"end":{"line":23,"column":24}},"23":{"start":{"line":24,"column":0},"end":{"line":24,"column":5}},"24":{"start":{"line":25,"column":0},"end":{"line":25,"column":4}},"26":{"start":{"line":27,"column":0},"end":{"line":27,"column":30}},"27":{"start":{"line":28,"column":0},"end":{"line":28,"column":13}},"28":{"start":{"line":29,"column":0},"end":{"line":29,"column":25}},"29":{"start":{"line":30,"column":0},"end":{"line":30,"column":71}},"30":{"start":{"line":31,"column":0},"end":{"line":31,"column":7}},"31":{"start":{"line":32,"column":0},"end":{"line":32,"column":6}},"32":{"start":{"line":33,"column":0},"end":{"line":33,"column":4}},"34":{"start":{"line":35,"column":0},"end":{"line":35,"column":30}},"35":{"start":{"line":36,"column":0},"end":{"line":36,"column":53}},"36":{"start":{"line":37,"column":0},"end":{"line":37,"column":4}},"38":{"start":{"line":39,"column":0},"end":{"line":39,"column":71}},"40":{"start":{"line":41,"column":0},"end":{"line":41,"column":10}},"41":{"start":{"line":42,"column":0},"end":{"line":42,"column":25}},"42":{"start":{"line":43,"column":0},"end":{"line":43,"column":33}},"43":{"start":{"line":44,"column":0},"end":{"line":44,"column":32}},"44":{"start":{"line":45,"column":0},"end":{"line":45,"column":45}},"45":{"start":{"line":46,"column":0},"end":{"line":46,"column":31}},"46":{"start":{"line":47,"column":0},"end":{"line":47,"column":34}},"47":{"start":{"line":48,"column":0},"end":{"line":48,"column":53}},"48":{"start":{"line":49,"column":0},"end":{"line":49,"column":17}},"49":{"start":{"line":50,"column":0},"end":{"line":50,"column":63}},"50":{"start":{"line":51,"column":0},"end":{"line":51,"column":14}},"51":{"start":{"line":52,"column":0},"end":{"line":52,"column":15}},"53":{"start":{"line":54,"column":0},"end":{"line":54,"column":29}},"54":{"start":{"line":55,"column":0},"end":{"line":55,"column":55}},"55":{"start":{"line":56,"column":0},"end":{"line":56,"column":16}},"56":{"start":{"line":57,"column":0},"end":{"line":57,"column":23}},"57":{"start":{"line":58,"column":0},"end":{"line":58,"column":30}},"58":{"start":{"line":59,"column":0},"end":{"line":59,"column":59}},"59":{"start":{"line":60,"column":0},"end":{"line":60,"column":43}},"60":{"start":{"line":61,"column":0},"end":{"line":61,"column":34}},"61":{"start":{"line":62,"column":0},"end":{"line":62,"column":12}},"62":{"start":{"line":63,"column":0},"end":{"line":63,"column":52}},"64":{"start":{"line":65,"column":0},"end":{"line":65,"column":19}},"65":{"start":{"line":66,"column":0},"end":{"line":66,"column":15}},"67":{"start":{"line":68,"column":0},"end":{"line":68,"column":35}},"68":{"start":{"line":69,"column":0},"end":{"line":69,"column":32}},"69":{"start":{"line":70,"column":0},"end":{"line":70,"column":16}},"70":{"start":{"line":71,"column":0},"end":{"line":71,"column":27}},"71":{"start":{"line":72,"column":0},"end":{"line":72,"column":74}},"73":{"start":{"line":74,"column":0},"end":{"line":74,"column":21}},"74":{"start":{"line":75,"column":0},"end":{"line":75,"column":51}},"75":{"start":{"line":76,"column":0},"end":{"line":76,"column":38}},"76":{"start":{"line":77,"column":0},"end":{"line":77,"column":52}},"77":{"start":{"line":78,"column":0},"end":{"line":78,"column":60}},"78":{"start":{"line":79,"column":0},"end":{"line":79,"column":19}},"80":{"start":{"line":81,"column":0},"end":{"line":81,"column":44}},"81":{"start":{"line":82,"column":0},"end":{"line":82,"column":23}},"83":{"start":{"line":84,"column":0},"end":{"line":84,"column":60}},"85":{"start":{"line":86,"column":0},"end":{"line":86,"column":21}},"86":{"start":{"line":87,"column":0},"end":{"line":87,"column":51}},"87":{"start":{"line":88,"column":0},"end":{"line":88,"column":38}},"88":{"start":{"line":89,"column":0},"end":{"line":89,"column":50}},"89":{"start":{"line":90,"column":0},"end":{"line":90,"column":15}},"91":{"start":{"line":92,"column":0},"end":{"line":92,"column":23}},"92":{"start":{"line":93,"column":0},"end":{"line":93,"column":18}},"93":{"start":{"line":94,"column":0},"end":{"line":94,"column":13}},"94":{"start":{"line":95,"column":0},"end":{"line":95,"column":14}},"96":{"start":{"line":97,"column":0},"end":{"line":97,"column":32}},"97":{"start":{"line":98,"column":0},"end":{"line":98,"column":39}},"98":{"start":{"line":99,"column":0},"end":{"line":99,"column":53}},"99":{"start":{"line":100,"column":0},"end":{"line":100,"column":16}},"101":{"start":{"line":102,"column":0},"end":{"line":102,"column":13}},"103":{"start":{"line":104,"column":0},"end":{"line":104,"column":33}},"104":{"start":{"line":105,"column":0},"end":{"line":105,"column":70}},"105":{"start":{"line":106,"column":0},"end":{"line":106,"column":69}},"106":{"start":{"line":107,"column":0},"end":{"line":107,"column":11}},"107":{"start":{"line":108,"column":0},"end":{"line":108,"column":77}},"108":{"start":{"line":109,"column":0},"end":{"line":109,"column":12}},"109":{"start":{"line":110,"column":0},"end":{"line":110,"column":15}},"110":{"start":{"line":111,"column":0},"end":{"line":111,"column":10}},"112":{"start":{"line":113,"column":0},"end":{"line":113,"column":1}},"114":{"start":{"line":115,"column":0},"end":{"line":115,"column":19}}},"s":{"0":1,"1":1,"3":13,"4":13,"5":13,"6":13,"7":13,"8":13,"9":13,"11":13,"12":1,"13":1,"14":1,"15":1,"16":1,"17":1,"18":1,"19":1,"20":1,"21":1,"22":1,"23":1,"24":1,"26":13,"27":1,"28":1,"29":3,"30":1,"31":1,"32":1,"34":13,"35":4,"36":4,"38":13,"40":13,"41":13,"42":13,"43":13,"44":13,"45":13,"46":13,"47":13,"48":13,"49":13,"50":13,"51":13,"53":13,"54":13,"55":13,"56":13,"57":13,"58":13,"59":13,"60":13,"61":13,"62":13,"64":13,"65":13,"67":13,"68":13,"69":33,"70":33,"71":33,"73":33,"74":33,"75":33,"76":33,"77":33,"78":33,"80":33,"81":33,"83":33,"85":33,"86":33,"87":33,"88":33,"89":33,"91":33,"92":33,"93":13,"94":13,"96":13,"97":1,"98":1,"99":1,"101":13,"103":13,"104":13,"105":13,"106":13,"107":13,"108":13,"109":13,"110":13,"112":13,"114":1},"branchMap":{"0":{"type":"branch","line":4,"loc":{"start":{"line":4,"column":0},"end":{"line":113,"column":1}},"locations":[{"start":{"line":4,"column":0},"end":{"line":113,"column":1}}]},"1":{"type":"branch","line":97,"loc":{"start":{"line":97,"column":26},"end":{"line":100,"column":16}},"locations":[{"start":{"line":97,"column":26},"end":{"line":100,"column":16}}]},"2":{"type":"branch","line":108,"loc":{"start":{"line":108,"column":35},"end":{"line":108,"column":62}},"locations":[{"start":{"line":108,"column":35},"end":{"line":108,"column":62}}]},"3":{"type":"branch","line":12,"loc":{"start":{"line":12,"column":18},"end":{"line":25,"column":4}},"locations":[{"start":{"line":12,"column":18},"end":{"line":25,"column":4}}]},"4":{"type":"branch","line":27,"loc":{"start":{"line":27,"column":21},"end":{"line":33,"column":4}},"locations":[{"start":{"line":27,"column":21},"end":{"line":33,"column":4}}]},"5":{"type":"branch","line":29,"loc":{"start":{"line":29,"column":16},"end":{"line":30,"column":71}},"locations":[{"start":{"line":29,"column":16},"end":{"line":30,"column":71}}]},"6":{"type":"branch","line":30,"loc":{"start":{"line":30,"column":20},"end":{"line":30,"column":67}},"locations":[{"start":{"line":30,"column":20},"end":{"line":30,"column":67}}]},"7":{"type":"branch","line":30,"loc":{"start":{"line":30,"column":63},"end":{"line":30,"column":71}},"locations":[{"start":{"line":30,"column":63},"end":{"line":30,"column":71}}]},"8":{"type":"branch","line":35,"loc":{"start":{"line":35,"column":21},"end":{"line":37,"column":4}},"locations":[{"start":{"line":35,"column":21},"end":{"line":37,"column":4}}]},"9":{"type":"branch","line":36,"loc":{"start":{"line":36,"column":26},"end":{"line":36,"column":50}},"locations":[{"start":{"line":36,"column":26},"end":{"line":36,"column":50}}]},"10":{"type":"branch","line":39,"loc":{"start":{"line":39,"column":38},"end":{"line":39,"column":62}},"locations":[{"start":{"line":39,"column":38},"end":{"line":39,"column":62}}]},"11":{"type":"branch","line":59,"loc":{"start":{"line":59,"column":22},"end":{"line":59,"column":59}},"locations":[{"start":{"line":59,"column":22},"end":{"line":59,"column":59}}]},"12":{"type":"branch","line":69,"loc":{"start":{"line":69,"column":21},"end":{"line":93,"column":18}},"locations":[{"start":{"line":69,"column":21},"end":{"line":93,"column":18}}]},"13":{"type":"branch","line":72,"loc":{"start":{"line":72,"column":43},"end":{"line":72,"column":69}},"locations":[{"start":{"line":72,"column":43},"end":{"line":72,"column":69}}]},"14":{"type":"branch","line":72,"loc":{"start":{"line":72,"column":55},"end":{"line":72,"column":71}},"locations":[{"start":{"line":72,"column":55},"end":{"line":72,"column":71}}]},"15":{"type":"branch","line":78,"loc":{"start":{"line":78,"column":23},"end":{"line":78,"column":50}},"locations":[{"start":{"line":78,"column":23},"end":{"line":78,"column":50}}]},"16":{"type":"branch","line":78,"loc":{"start":{"line":78,"column":35},"end":{"line":78,"column":60}},"locations":[{"start":{"line":78,"column":35},"end":{"line":78,"column":60}}]},"17":{"type":"branch","line":81,"loc":{"start":{"line":81,"column":22},"end":{"line":81,"column":40}},"locations":[{"start":{"line":81,"column":22},"end":{"line":81,"column":40}}]},"18":{"type":"branch","line":81,"loc":{"start":{"line":81,"column":34},"end":{"line":81,"column":44}},"locations":[{"start":{"line":81,"column":34},"end":{"line":81,"column":44}}]},"19":{"type":"branch","line":75,"loc":{"start":{"line":75,"column":25},"end":{"line":75,"column":51}},"locations":[{"start":{"line":75,"column":25},"end":{"line":75,"column":51}}]},"20":{"type":"branch","line":87,"loc":{"start":{"line":87,"column":25},"end":{"line":87,"column":51}},"locations":[{"start":{"line":87,"column":25},"end":{"line":87,"column":51}}]}},"b":{"0":[13],"1":[1],"2":[0],"3":[1],"4":[1],"5":[3],"6":[1],"7":[2],"8":[4],"9":[9],"10":[33],"11":[1],"12":[33],"13":[22],"14":[11],"15":[22],"16":[11],"17":[22],"18":[11],"19":[1],"20":[4]},"fnMap":{"0":{"name":"App","decl":{"start":{"line":4,"column":0},"end":{"line":113,"column":1}},"loc":{"start":{"line":4,"column":0},"end":{"line":113,"column":1}},"line":4},"1":{"name":"addTodo","decl":{"start":{"line":12,"column":18},"end":{"line":25,"column":4}},"loc":{"start":{"line":12,"column":18},"end":{"line":25,"column":4}},"line":12},"2":{"name":"toggleTodo","decl":{"start":{"line":27,"column":21},"end":{"line":33,"column":4}},"loc":{"start":{"line":27,"column":21},"end":{"line":33,"column":4}},"line":27},"3":{"name":"deleteTodo","decl":{"start":{"line":35,"column":21},"end":{"line":37,"column":4}},"loc":{"start":{"line":35,"column":21},"end":{"line":37,"column":4}},"line":35},"4":{"name":"onChange","decl":{"start":{"line":59,"column":22},"end":{"line":59,"column":59}},"loc":{"start":{"line":59,"column":22},"end":{"line":59,"column":59}},"line":59},"5":{"name":"onClick","decl":{"start":{"line":75,"column":25},"end":{"line":75,"column":51}},"loc":{"start":{"line":75,"column":25},"end":{"line":75,"column":51}},"line":75},"6":{"name":"onClick","decl":{"start":{"line":87,"column":25},"end":{"line":87,"column":51}},"loc":{"start":{"line":87,"column":25},"end":{"line":87,"column":51}},"line":87}},"f":{"0":13,"1":1,"2":1,"3":4,"4":1,"5":1,"6":4}}
,"C:\\Users\\Warlock\\Downloads\\todo\\src\\main.jsx": {"path":"C:\\Users\\Warlock\\Downloads\\todo\\src\\main.jsx","all":true,"statementMap":{"0":{"start":{"line":1,"column":0},"end":{"line":1,"column":26}},"1":{"start":{"line":2,"column":0},"end":{"line":2,"column":40}},"2":{"start":{"line":3,"column":0},"end":{"line":3,"column":28}},"3":{"start":{"line":4,"column":0},"end":{"line":4,"column":21}},"5":{"start":{"line":6,"column":0},"end":{"line":6,"column":60}},"6":{"start":{"line":7,"column":0},"end":{"line":7,"column":20}},"7":{"start":{"line":8,"column":0},"end":{"line":8,"column":11}},"8":{"start":{"line":9,"column":0},"end":{"line":9,"column":21}},"9":{"start":{"line":10,"column":0},"end":{"line":10,"column":2}}},"s":{"0":0,"1":0,"2":0,"3":0,"5":0,"6":0,"7":0,"8":0,"9":0},"branchMap":{"0":{"type":"branch","line":1,"loc":{"start":{"line":1,"column":206},"end":{"line":10,"column":-169}},"locations":[{"start":{"line":1,"column":206},"end":{"line":10,"column":-169}}]}},"b":{"0":[0]},"fnMap":{"0":{"name":"(empty-report)","decl":{"start":{"line":1,"column":206},"end":{"line":10,"column":-169}},"loc":{"start":{"line":1,"column":206},"end":{"line":10,"column":-169}},"line":1}},"f":{"0":0}}
}
